Arguments: 
  D:\node\node.exe C:\Users\Jerry\AppData\Roaming\npm\node_modules\yarn\bin\yarn.js init

PATH: 
  C:\Users\Jerry\Desktop\myHubProject\node_modules\.bin;C:\Windows\system32;C:\Windows;C:\Windows\System32\Wbem;C:\Windows\System32\WindowsPowerShell\v1.0\;C:\Windows\System32\OpenSSH\;D:\Git\cmd;D:\node\;C:\Users\Jerry\AppData\Local\Microsoft\WindowsApps;E:\Microsoft VS Code\bin;D:\bandzip\;C:\Users\Jerry\AppData\Roaming\npm;C:\Program Files\MySQL\MySQL Server 8.0\bin;

Yarn version: 
  1.22.10

Node version: 
  15.5.1

Platform: 
  win32 x64

Trace: 
  Error: canceled
      at Interface.<anonymous> (C:\Users\Jerry\AppData\Roaming\npm\node_modules\yarn\lib\cli.js:136216:13)
      at Interface.emit (node:events:376:20)
      at Interface._ttyWrite (node:readline:909:16)
      at ReadStream.onkeypress (node:readline:234:10)
      at ReadStream.emit (node:events:376:20)
      at emitKeys (node:internal/readline/utils:358:14)
      at emitKeys.next (<anonymous>)
      at ReadStream.onData (node:readline:1178:36)
      at ReadStream.emit (node:events:376:20)
      at addChunk (node:internal/streams/readable:311:12)

npm manifest: 
  No manifest

yarn manifest: 
  No manifest

Lockfile: 
  No lockfile
